[0209/073020.832:ERROR:scoped_process_suspend.cc(31)] NtSuspendProcess: An attempt was made to access an exiting process. (0xc000010a)
[0209/073021.285:ERROR:process_reader_win.cc(123)] NtOpenThread: {Access Denied} A process has requested access to an object, but has not been granted those access rights. (0xc0000022)
[0209/073021.145:ERROR:process_reader_win.cc(123)] NtOpenThread: {Access Denied} A process has requested access to an object, but has not been granted those access rights. (0xc0000022)
[0209/073021.301:ERROR:process_reader_win.cc(123)] NtOpenThread: {Access Denied} A process has requested access to an object, but has not been granted those access rights. (0xc0000022)
[0209/073021.317:ERROR:process_reader_win.cc(123)] NtOpenThread: {Access Denied} A process has requested access to an object, but has not been granted those access rights. (0xc0000022)
[0209/073021.270:ERROR:process_reader_win.cc(123)] NtOpenThread: {Access Denied} A process has requested access to an object, but has not been granted those access rights. (0xc0000022)
[0209/073021.145:ERROR:process_reader_win.cc(123)] NtOpenThread: {Access Denied} A process has requested access to an object, but has not been granted those access rights. (0xc0000022)
[0209/073021.145:ERROR:process_reader_win.cc(123)] NtOpenThread: {Access Denied} A process has requested access to an object, but has not been granted those access rights. (0xc0000022)
[0209/073022.488:ERROR:exception_snapshot_win.cc(98)] thread ID 13984 not found in process
[0209/073022.488:ERROR:exception_snapshot_win.cc(98)] thread ID 12196 not found in process
[0209/073022.488:ERROR:exception_snapshot_win.cc(98)] thread ID 12456 not found in process
[0209/073022.488:ERROR:exception_snapshot_win.cc(98)] thread ID 13288 not found in process
[0209/073022.488:ERROR:exception_snapshot_win.cc(98)] thread ID 13372 not found in process
[0209/073022.488:ERROR:exception_snapshot_win.cc(98)] thread ID 12716 not found in process
[0209/073022.488:ERROR:process_info.cc(118)] ReadProcessMemory bool __cdecl crashpad::(anonymous namespace)::ReadStruct(HANDLE, crashpad::WinVMAddress, T *) [T = crashpad::process_types::PEB<crashpad::process_types::internal::Traits64>]: Only part of a ReadProcessMemory or WriteProcessMemory request was completed. (0x12B)
[0209/073022.488:ERROR:exception_snapshot_win.cc(98)] thread ID 8880 not found in process
[0209/073022.488:ERROR:process_info.cc(551)] ReadProcessData failed
[0209/073022.582:ERROR:scoped_process_suspend.cc(40)] NtResumeProcess: An attempt was made to access an exiting process. (0xc000010a)
[0209/073022.957:ERROR:process_reader_win.cc(123)] NtOpenThread: {Access Denied} A process has requested access to an object, but has not been granted those access rights. (0xc0000022)
[0209/073022.957:ERROR:exception_snapshot_win.cc(98)] thread ID 11816 not found in process
[0215/174041.084:ERROR:process_reader_win.cc(123)] NtOpenThread: {Access Denied} A process has requested access to an object, but has not been granted those access rights. (0xc0000022)
[0215/174040.912:ERROR:process_reader_win.cc(123)] NtOpenThread: {Access Denied} A process has requested access to an object, but has not been granted those access rights. (0xc0000022)
[0220/135715.963:ERROR:process_reader_win.cc(123)] NtOpenThread: {Access Denied} A process has requested access to an object, but has not been granted those access rights. (0xc0000022)
[0220/135716.463:ERROR:process_reader_win.cc(123)] NtOpenThread: {Access Denied} A process has requested access to an object, but has not been granted those access rights. (0xc0000022)
[0220/135715.963:ERROR:process_reader_win.cc(123)] NtOpenThread: {Access Denied} A process has requested access to an object, but has not been granted those access rights. (0xc0000022)
[0220/135716.468:ERROR:process_reader_win.cc(123)] NtOpenThread: {Access Denied} A process has requested access to an object, but has not been granted those access rights. (0xc0000022)
[0220/135715.963:ERROR:process_reader_win.cc(123)] NtOpenThread: {Access Denied} A process has requested access to an object, but has not been granted those access rights. (0xc0000022)
[0220/135715.963:ERROR:process_reader_win.cc(123)] NtOpenThread: {Access Denied} A process has requested access to an object, but has not been granted those access rights. (0xc0000022)
[0220/135715.963:ERROR:process_reader_win.cc(123)] NtOpenThread: {Access Denied} A process has requested access to an object, but has not been granted those access rights. (0xc0000022)
[0220/135715.963:ERROR:process_reader_win.cc(123)] NtOpenThread: {Access Denied} A process has requested access to an object, but has not been granted those access rights. (0xc0000022)
[0220/135715.963:ERROR:process_reader_win.cc(123)] NtOpenThread: {Access Denied} A process has requested access to an object, but has not been granted those access rights. (0xc0000022)
[0220/135717.849:ERROR:exception_snapshot_win.cc(98)] thread ID 10636 not found in process
[0220/135717.849:ERROR:exception_snapshot_win.cc(98)] thread ID 11724 not found in process
[0220/135717.834:ERROR:exception_snapshot_win.cc(98)] thread ID 12008 not found in process
[0220/135717.849:ERROR:exception_snapshot_win.cc(98)] thread ID 424 not found in process
[0220/135717.834:ERROR:exception_snapshot_win.cc(98)] thread ID 12800 not found in process
[0220/135717.834:ERROR:exception_snapshot_win.cc(98)] thread ID 12660 not found in process
[0220/135717.834:ERROR:exception_snapshot_win.cc(98)] thread ID 2988 not found in process
[0220/135717.849:ERROR:exception_snapshot_win.cc(98)] thread ID 10580 not found in process
[0220/135717.849:ERROR:exception_snapshot_win.cc(98)] thread ID 6992 not found in process
[0220/135717.886:ERROR:scoped_process_suspend.cc(40)] NtResumeProcess: An attempt was made to access an exiting process. (0xc000010a)
[0223/192535.807:ERROR:process_reader_win.cc(123)] NtOpenThread: {Access Denied} A process has requested access to an object, but has not been granted those access rights. (0xc0000022)
[0223/192535.807:ERROR:process_reader_win.cc(123)] NtOpenThread: {Access Denied} A process has requested access to an object, but has not been granted those access rights. (0xc0000022)
[0223/192536.072:ERROR:process_reader_win.cc(123)] NtOpenThread: {Access Denied} A process has requested access to an object, but has not been granted those access rights. (0xc0000022)
[0223/192535.807:ERROR:process_reader_win.cc(123)] NtOpenThread: {Access Denied} A process has requested access to an object, but has not been granted those access rights. (0xc0000022)
[0223/192535.807:ERROR:process_reader_win.cc(123)] NtOpenThread: {Access Denied} A process has requested access to an object, but has not been granted those access rights. (0xc0000022)
[0223/192535.807:ERROR:process_reader_win.cc(123)] NtOpenThread: {Access Denied} A process has requested access to an object, but has not been granted those access rights. (0xc0000022)
[0223/192535.807:ERROR:process_reader_win.cc(123)] NtOpenThread: {Access Denied} A process has requested access to an object, but has not been granted those access rights. (0xc0000022)
[0223/192535.807:ERROR:process_reader_win.cc(123)] NtOpenThread: {Access Denied} A process has requested access to an object, but has not been granted those access rights. (0xc0000022)
[0223/192535.807:ERROR:process_reader_win.cc(123)] NtOpenThread: {Access Denied} A process has requested access to an object, but has not been granted those access rights. (0xc0000022)
[0223/192538.244:ERROR:exception_snapshot_win.cc(98)] thread ID 200 not found in process
[0223/192538.244:ERROR:exception_snapshot_win.cc(98)] thread ID 6632 not found in process
[0223/192538.244:ERROR:exception_snapshot_win.cc(98)] thread ID 5104 not found in process
[0223/192538.244:ERROR:exception_snapshot_win.cc(98)] thread ID 6924 not found in process
[0223/192538.244:ERROR:exception_snapshot_win.cc(98)] thread ID 2124 not found in process
[0223/192538.244:ERROR:exception_snapshot_win.cc(98)] thread ID 8964 not found in process
[0223/192538.244:ERROR:exception_snapshot_win.cc(98)] thread ID 5084 not found in process
[0223/192538.244:ERROR:exception_snapshot_win.cc(98)] thread ID 2244 not found in process
[0223/192538.244:ERROR:exception_snapshot_win.cc(98)] thread ID 12320 not found in process
[0223/192535.807:ERROR:process_reader_win.cc(123)] NtOpenThread: {Access Denied} A process has requested access to an object, but has not been granted those access rights. (0xc0000022)
[0223/192538.306:ERROR:exception_snapshot_win.cc(98)] thread ID 1156 not found in process
[0228/204130.225:ERROR:process_info.cc(329)] VirtualQueryEx: Access is denied. (0x5)
[0228/204130.442:ERROR:process_info.cc(329)] VirtualQueryEx: Access is denied. (0x5)
[0228/204130.874:ERROR:process_info.cc(556)] ReadMemoryInfo failed
[0228/204130.874:ERROR:process_info.cc(556)] ReadMemoryInfo failed
[0228/204129.925:ERROR:process_reader_win.cc(123)] NtOpenThread: {Access Denied} A process has requested access to an object, but has not been granted those access rights. (0xc0000022)
[0228/204130.071:ERROR:process_reader_win.cc(123)] NtOpenThread: {Access Denied} A process has requested access to an object, but has not been granted those access rights. (0xc0000022)
[0228/204130.890:ERROR:process_reader_win.cc(123)] NtOpenThread: {Access Denied} A process has requested access to an object, but has not been granted those access rights. (0xc0000022)
[0228/204130.457:ERROR:process_reader_win.cc(123)] NtOpenThread: {Access Denied} A process has requested access to an object, but has not been granted those access rights. (0xc0000022)
[0228/204130.457:ERROR:process_reader_win.cc(123)] NtOpenThread: {Access Denied} A process has requested access to an object, but has not been granted those access rights. (0xc0000022)
[0228/204130.071:ERROR:process_reader_win.cc(123)] NtOpenThread: {Access Denied} A process has requested access to an object, but has not been granted those access rights. (0xc0000022)
[0228/204131.191:ERROR:exception_snapshot_win.cc(98)] thread ID 11092 not found in process
[0228/204131.191:ERROR:exception_snapshot_win.cc(98)] thread ID 9768 not found in process
[0228/204131.191:ERROR:exception_snapshot_win.cc(98)] thread ID 13828 not found in process
[0228/204131.191:ERROR:exception_snapshot_win.cc(98)] thread ID 32 not found in process
[0228/204131.191:ERROR:exception_snapshot_win.cc(98)] thread ID 10832 not found in process
[0228/204131.191:ERROR:exception_snapshot_win.cc(98)] thread ID 9684 not found in process
[0228/204131.207:ERROR:scoped_process_suspend.cc(40)] NtResumeProcess: An attempt was made to access an exiting process. (0xc000010a)
[0228/204131.207:ERROR:scoped_process_suspend.cc(40)] NtResumeProcess: An attempt was made to access an exiting process. (0xc000010a)
[0228/204131.207:ERROR:scoped_process_suspend.cc(40)] NtResumeProcess: An attempt was made to access an exiting process. (0xc000010a)
[0228/204131.207:ERROR:scoped_process_suspend.cc(40)] NtResumeProcess: An attempt was made to access an exiting process. (0xc000010a)
[0301/211620.637:ERROR:process_reader_win.cc(123)] NtOpenThread: {Access Denied} A process has requested access to an object, but has not been granted those access rights. (0xc0000022)
[0301/211621.260:ERROR:process_info.cc(329)] VirtualQueryEx: Access is denied. (0x5)
[0301/211622.061:ERROR:process_info.cc(556)] ReadMemoryInfo failed
[0301/211622.061:ERROR:exception_snapshot_win.cc(98)] thread ID 5804 not found in process
[0301/211622.206:ERROR:scoped_process_suspend.cc(40)] NtResumeProcess: An attempt was made to access an exiting process. (0xc000010a)
[0311/150532.007:ERROR:scoped_process_suspend.cc(31)] NtSuspendProcess: An attempt was made to access an exiting process. (0xc000010a)
[0311/150532.194:ERROR:process_reader_win.cc(123)] NtOpenThread: {Access Denied} A process has requested access to an object, but has not been granted those access rights. (0xc0000022)
[0311/150532.413:ERROR:exception_snapshot_win.cc(98)] thread ID 11880 not found in process
[0311/150532.413:ERROR:process_info.cc(118)] ReadProcessMemory bool __cdecl crashpad::(anonymous namespace)::ReadStruct(HANDLE, crashpad::WinVMAddress, T *) [T = crashpad::process_types::PEB<crashpad::process_types::internal::Traits64>]: Only part of a ReadProcessMemory or WriteProcessMemory request was completed. (0x12B)
[0311/150532.444:ERROR:process_info.cc(551)] ReadProcessData failed
